==============================================
[2018-12-24 19:40:58] get log data:{"callback":"ty381","type":"1","action":"Player","page_id":"109","page_name":"VSPN","refer":"","userID":"tmp_ANY1CSXP","_":"1545651658426"}

==============================================
[2018-12-24 19:42:25] get log data:{"callback":"ty406","type":"1","action":"Player","page_id":"109","page_name":"VSPN","refer":"","userID":"tmp_ANY1CSXP","_":"1545651745140"}

==============================================
[2018-12-24 19:43:17] get log data:{"callback":"ty257","type":"1","action":"Player","page_id":"109","page_name":"VSPN","refer":"","userID":"tmp_ANY1CSXP","_":"1545651796916"}

==============================================
[2018-12-24 19:43:27] get log data:{"callback":"ty271","type":"1","action":"Player","page_id":"109","page_name":"VSPN","refer":"","userID":"tmp_ANY1CSXP","_":"1545651806925"}

==============================================
[2018-12-24 19:44:30] get log data:{"callback":"ty40","type":"1","action":"Player","page_id":"109","page_name":"VSPN","refer":"","userID":"tmp_ANY1CSXP","_":"1545651869769"}

==============================================
[2018-12-24 19:44:51] get log data:{"callback":"ty187","type":"1","action":"Player","page_id":"109","page_name":"VSPN","refer":"","userID":"tmp_ANY1CSXP","_":"1545651890728"}

==============================================
[2018-12-24 19:45:23] get log data:{"callback":"ty259","type":"1","action":"Player","page_id":"109","page_name":"VSPN","refer":"","userID":"tmp_ANY1CSXP","_":"1545651922560"}

==============================================
[2018-12-24 19:45:27] get log data:{"callback":"ty960","type":"1","action":"Player","page_id":"109","page_name":"VSPN","refer":"","userID":"tmp_ANY1CSXP","_":"1545651927108"}

==============================================
[2018-12-24 19:45:45] get log data:{"callback":"ty476","type":"1","action":"Player","page_id":"109","page_name":"VSPN","refer":"","userID":"tmp_ANY1CSXP","_":"1545651944666"}

==============================================
[2018-12-24 19:49:39] get log data:{"callback":"ty940","type":"1","action":"Player","page_id":"109","page_name":"VSPN","refer":"","userID":"tmp_ANY1CSXP","_":"1545652179067"}

==============================================
[2018-12-24 19:50:16] get log data:{"callback":"ty9","type":"1","action":"Player","page_id":"109","page_name":"VSPN","refer":"","userID":"tmp_ANY1CSXP","_":"1545652215583"}

==============================================
[2018-12-24 19:50:26] get log data:{"callback":"ty740","type":"1","action":"Player","page_id":"109","page_name":"VSPN","refer":"","userID":"tmp_ANY1CSXP","_":"1545652226091"}

==============================================
[2018-12-24 19:50:38] get log data:{"callback":"ty195","type":"1","action":"Player","page_id":"109","page_name":"VSPN","refer":"","userID":"tmp_ANY1CSXP","_":"1545652237867"}

==============================================
[2018-12-24 19:52:10] get log data:{"callback":"ty556","type":"1","action":"Player","page_id":"109","page_name":"VSPN","code":"04710001000000100000000000016829","refer":"","userID":"tmp_ANY1CSXP","_":"1545652329750"}

==============================================
[2018-12-24 19:52:41] get log data:{"callback":"ty161","type":"1","action":"Player","page_id":"109","page_name":"VSPN","code":"04710001000000100000000000016829","refer":"","userid":"tmp_ANY1CSXP","_":"1545652361128"}

==============================================
[2018-12-24 19:53:32] get log data:{"callback":"ty218","type":"1","action":"Player","page_id":"109","page_name":"VSPN","code":"04710001000000100000000000016829","refer":"","userid":"tmp_ANY1CSXP","_":"1545652411801"}

==============================================
[2018-12-24 19:53:58] get log data:{"callback":"ty340","type":"1","action":"Player","page_id":"109","page_name":"VSPN","code":"04710001000000100000000000016829","refer":"","userid":"tmp_ANY1CSXP","_":"1545652437811"}

==============================================
[2018-12-24 19:54:14] get log data:{"callback":"ty556","type":"1","action":"Player","page_id":"109","page_name":"VSPN","code":"04710001000000100000000000016829","refer":"","userid":"tmp_ANY1CSXP","_":"1545652453714"}

==============================================
[2018-12-24 19:54:58] get log data:{"callback":"ty339","type":"1","action":"Player","page_id":"109","page_name":"VSPN","code":"04710001000000100000000000016829","refer":"play","userid":"tmp_ANY1CSXP","_":"1545652498230"}

